  main.cpp
src\main.cpp(166): warning C4305: 'argument': truncation from 'double' to 'float'
src\main.cpp(211): warning C4018: '<': signed/unsigned mismatch
src\main.cpp(214): warning C4244: '+=': conversion from 'double' to 'float', possible loss of data
src\main.cpp(479): warning C4305: '=': truncation from 'double' to 'float'
src\main.cpp(483): warning C4305: '=': truncation from 'double' to 'float'
libSOIL.lib(SOIL.obj) : warning LNK4075: ignoring '/EDITANDCONTINUE' due to '/OPT:ICF' specification
LINK : warning LNK4098: defaultlib 'MSVCRTD' conflicts with use of other libs; use /NODEFAULTLIB:library
LINK : warning LNK4098: defaultlib 'LIBCMT' conflicts with use of other libs; use /NODEFAULTLIB:library
  Generating code
  1 of 1101 functions ( 0.1%) were compiled, the rest were copied from previous compilation.
    0 functions were new in current compilation
    35 functions had inline decision re-evaluated but remain unchanged
  Finished generating code
Object.obj : warning LNK4049: locally defined symbol ___glewGenBuffers imported
Object.obj : warning LNK4049: locally defined symbol ___glewGenVertexArrays imported
Object.obj : warning LNK4049: locally defined symbol ___glewBufferData imported
Object.obj : warning LNK4049: locally defined symbol ___glewBindBuffer imported
Object.obj : warning LNK4049: locally defined symbol ___glewVertexAttribPointer imported
Object.obj : warning LNK4049: locally defined symbol ___glewBindVertexArray imported
Object.obj : warning LNK4049: locally defined symbol ___glewEnableVertexAttribArray imported
libSOIL.lib(image_DXT.obj) : warning LNK4099: PDB 'SOIL.pdb' was not found with 'libSOIL.lib(image_DXT.obj)' or at 'E:\Yosm\Documents\uni\Informatica-grafica\infograf2d\Practica1\Release\SOIL.pdb'; linking object as if no debug info
libSOIL.lib(image_helper.obj) : warning LNK4099: PDB 'SOIL.pdb' was not found with 'libSOIL.lib(image_helper.obj)' or at 'E:\Yosm\Documents\uni\Informatica-grafica\infograf2d\Practica1\Release\SOIL.pdb'; linking object as if no debug info
libSOIL.lib(SOIL.obj) : warning LNK4099: PDB 'SOIL.pdb' was not found with 'libSOIL.lib(SOIL.obj)' or at 'E:\Yosm\Documents\uni\Informatica-grafica\infograf2d\Practica1\Release\SOIL.pdb'; linking object as if no debug info
libSOIL.lib(stb_image_aug.obj) : warning LNK4099: PDB 'SOIL.pdb' was not found with 'libSOIL.lib(stb_image_aug.obj)' or at 'E:\Yosm\Documents\uni\Informatica-grafica\infograf2d\Practica1\Release\SOIL.pdb'; linking object as if no debug info
glew32s.lib(glew.obj) : warning LNK4099: PDB 'vc120.pdb' was not found with 'glew32s.lib(glew.obj)' or at 'E:\Yosm\Documents\uni\Informatica-grafica\infograf2d\Practica1\Release\vc120.pdb'; linking object as if no debug info
  Proyecto.vcxproj -> E:\Yosm\Documents\uni\Informatica-grafica\infograf2d\Practica1\Release\Practica1.exe
  Proyecto.vcxproj -> E:\Yosm\Documents\uni\Informatica-grafica\infograf2d\Practica1\Release\Practica1.pdb (Full PDB)
